TN:
SF:/Users/admin/development/gaspard/src/attributes.js
FN:15,getRealClassNamesArray
FN:16,(anonymous_1)
FN:26,hasClass
FN:40,addClass
FN:55,removeClass
FN:60,(anonymous_5)
FN:71,toggleClass
FN:80,(anonymous_7)
FN:98,attr
FN:124,css
FNF:10
FNH:0
FNDA:0,getRealClassNamesArray
FNDA:0,(anonymous_1)
FNDA:0,hasClass
FNDA:0,addClass
FNDA:0,removeClass
FNDA:0,(anonymous_5)
FNDA:0,toggleClass
FNDA:0,(anonymous_7)
FNDA:0,attr
FNDA:0,css
DA:16,0
DA:27,0
DA:28,0
DA:30,0
DA:41,0
DA:42,0
DA:43,0
DA:45,0
DA:56,0
DA:57,0
DA:58,0
DA:60,0
DA:72,0
DA:73,0
DA:74,0
DA:76,0
DA:79,0
DA:80,0
DA:99,0
DA:100,0
DA:101,0
DA:103,0
DA:106,0
DA:125,0
DA:126,0
DA:128,0
LF:26
LH:0
BRDA:15,0,0,0
BRDA:27,1,0,0
BRDA:27,1,1,0
BRDA:42,2,0,0
BRDA:42,2,1,0
BRDA:57,3,0,0
BRDA:57,3,1,0
BRDA:72,4,0,0
BRDA:72,4,1,0
BRDA:73,5,0,0
BRDA:73,5,1,0
BRDA:80,6,0,0
BRDA:80,6,1,0
BRDA:99,7,0,0
BRDA:99,7,1,0
BRDA:100,8,0,0
BRDA:100,8,1,0
BRDA:125,9,0,0
BRDA:125,9,1,0
BRF:19
BRH:0
end_of_record
TN:
SF:/Users/admin/development/gaspard/src/content.js
FN:12,parseHTML
FN:24,before
FN:34,after
FN:44,prepend
FN:54,append
FN:64,clone
FN:73,remove
FN:89,text
FN:109,html
FN:123,replaceWith
FNF:10
FNH:0
FNDA:0,parseHTML
FNDA:0,before
FNDA:0,after
FNDA:0,prepend
FNDA:0,append
FNDA:0,clone
FNDA:0,remove
FNDA:0,text
FNDA:0,html
FNDA:0,replaceWith
DA:13,0
DA:14,0
DA:15,0
DA:25,0
DA:35,0
DA:45,0
DA:55,0
DA:65,0
DA:74,0
DA:90,0
DA:91,0
DA:93,0
DA:110,0
DA:111,0
DA:113,0
DA:124,0
LF:16
LH:0
BRDA:90,0,0,0
BRDA:90,0,1,0
BRDA:110,1,0,0
BRDA:110,1,1,0
BRF:4
BRH:0
end_of_record
TN:
SF:/Users/admin/development/gaspard/src/effects.js
FN:14,fade
FN:19,tick
FN:38,fadeIn
FN:48,fadeOut
FN:57,hide
FN:66,show
FNF:6
FNH:0
FNDA:0,fade
FNDA:0,tick
FNDA:0,fadeIn
FNDA:0,fadeOut
FNDA:0,hide
FNDA:0,show
DA:15,0
DA:16,0
DA:18,0
DA:20,0
DA:21,0
DA:23,0
DA:24,0
DA:25,0
DA:29,0
DA:39,0
DA:49,0
DA:58,0
DA:67,0
LF:13
LH:0
BRDA:14,0,0,0
BRDA:15,1,0,0
BRDA:15,1,1,0
BRDA:23,2,0,0
BRDA:23,2,1,0
BRDA:24,3,0,0
BRDA:24,3,1,0
BRDA:25,4,0,0
BRDA:25,4,1,0
BRDA:25,4,2,0
BRDA:38,5,0,0
BRDA:48,6,0,0
BRF:12
BRH:0
end_of_record
TN:
SF:/Users/admin/development/gaspard/src/events.js
FN:13,off
FN:24,on
FN:35,trigger
FN:52,documentReady
FNF:4
FNH:0
FNDA:0,off
FNDA:0,on
FNDA:0,trigger
FNDA:0,documentReady
DA:14,0
DA:25,0
DA:36,0
DA:38,0
DA:39,0
DA:41,0
DA:42,0
DA:44,0
DA:53,0
DA:54,0
DA:56,0
LF:11
LH:0
BRDA:35,0,0,0
BRDA:38,1,0,0
BRDA:38,1,1,0
BRDA:53,2,0,0
BRDA:53,2,1,0
BRDA:53,3,0,0
BRDA:53,3,1,0
BRF:7
BRH:0
end_of_record
TN:
SF:/Users/admin/development/gaspard/src/gaspard.js
FN:15,(anonymous_0)
FN:26,(anonymous_1)
FN:27,(anonymous_2)
FN:36,(anonymous_3)
FN:38,(anonymous_4)
FN:39,(anonymous_5)
FN:40,(anonymous_6)
FNF:7
FNH:0
FNDA:0,(anonymous_0)
FNDA:0,(anonymous_1)
FNDA:0,(anonymous_2)
FNDA:0,(anonymous_3)
FNDA:0,(anonymous_4)
FNDA:0,(anonymous_5)
FNDA:0,(anonymous_6)
DA:17,0
DA:18,0
DA:19,0
DA:20,0
DA:22,0
DA:24,0
DA:27,0
DA:28,0
DA:37,0
DA:38,0
DA:39,0
DA:41,0
DA:42,0
DA:44,0
DA:45,0
LF:15
LH:0
BRDA:15,0,0,0
BRDA:17,1,0,0
BRDA:17,1,1,0
BRDA:19,2,0,0
BRDA:19,2,1,0
BRDA:41,3,0,0
BRDA:41,3,1,0
BRF:7
BRH:0
end_of_record
TN:
SF:/Users/admin/development/gaspard/src/index.js
FNF:0
FNH:0
LF:0
LH:0
BRF:0
BRH:0
end_of_record
TN:
SF:/Users/admin/development/gaspard/src/positions.js
FN:12,viewportPosition
FN:22,offset
FN:36,position
FN:50,outerHeight
FN:66,outerWidth
FNF:5
FNH:0
FNDA:0,viewportPosition
FNDA:0,offset
FNDA:0,position
FNDA:0,outerHeight
FNDA:0,outerWidth
DA:13,0
DA:23,0
DA:24,0
DA:37,0
DA:51,0
DA:52,0
DA:53,0
DA:54,0
DA:56,0
DA:67,0
DA:68,0
DA:69,0
DA:70,0
DA:72,0
LF:14
LH:0
BRDA:52,0,0,0
BRDA:52,0,1,0
BRDA:68,1,0,0
BRDA:68,1,1,0
BRF:4
BRH:0
end_of_record
TN:
SF:/Users/admin/development/gaspard/src/selectors.js
FN:13,find
FN:40,is
FN:62,contains
FN:72,prev
FN:82,next
FN:92,siblings
FN:93,(anonymous_6)
FN:102,parent
FNF:8
FNH:1
FNDA:0,find
FNDA:0,is
FNDA:0,contains
FNDA:0,prev
FNDA:1,next
FNDA:0,siblings
FNDA:0,(anonymous_6)
FNDA:0,parent
DA:14,0
DA:15,0
DA:18,0
DA:19,0
DA:20,0
DA:21,0
DA:22,0
DA:23,0
DA:25,0
DA:27,0
DA:28,0
DA:30,0
DA:41,0
DA:42,0
DA:51,0
DA:63,0
DA:73,0
DA:83,1
DA:93,0
DA:103,0
LF:20
LH:1
BRDA:13,0,0,0
BRDA:14,1,0,0
BRDA:14,1,1,0
BRDA:14,2,0,0
BRDA:14,2,1,0
BRDA:18,3,0,0
BRDA:18,3,1,0
BRDA:20,4,0,0
BRDA:20,4,1,0
BRDA:22,5,0,0
BRDA:22,5,1,0
BRDA:27,6,0,0
BRDA:27,6,1,0
BRDA:41,7,0,0
BRDA:41,7,1,0
BRDA:43,8,0,0
BRDA:43,8,1,0
BRDA:43,8,2,0
BRDA:43,8,3,0
BRDA:43,8,4,0
BRDA:43,8,5,0
BRDA:63,9,0,0
BRDA:63,9,1,0
BRF:23
BRH:0
end_of_record
TN:
SF:/Users/admin/development/gaspard/src/utils.js
FN:14,toCamelCase
FN:15,(anonymous_1)
FNF:2
FNH:0
FNDA:0,toCamelCase
FNDA:0,(anonymous_1)
DA:15,0
DA:16,0
LF:2
LH:0
BRF:0
BRH:0
end_of_record
